<testsuites id="" name="" tests="42" failures="6" skipped="36" errors="0" time="37.137799">
<testsuite name="APITests.spec.js" timestamp="2024-04-27T03:22:39.870Z" hostname="chromium" tests="9" failures="1" skipped="8" time="1.189" errors="0">
<testcase name="Create Token" classname="APITests.spec.js" time="1.189">
<failure message="APITests.spec.js:9:1 Create Token" type="FAILURE">
<![CDATA[  [chromium] › APITests.spec.js:9:1 › Create Token ─────────────────────────────────────────────────

    Error: apiRequestContext.post: self-signed certificate in certificate chain
    Call log:
      - → POST https://restful-booker.herokuapp.com/auth
      -   user-agent: Mozilla/5.0 (Windows NT 10.0; Win64; x64) AppleWebKit/537.36 (KHTML, like Gecko) Chrome/124.0.6367.29 Safari/537.36
      -   accept: application/json
      -   accept-encoding: gzip,deflate,br
      -   content-type: application/json
      -   content-length: 45


       9 | test('Create Token', async({request})=>{
      10 |
    > 11 |     const response =  await request.post('https://restful-booker.herokuapp.com/auth',{
         |                                     ^
      12 |
      13 |             headers:
      14 |             {

        at C:\Users\niyaz.hashmi\playwrightjse2e\tests\APITests.spec.js:11:37
]]>
</failure>
</testcase>
<testcase name="getBookingIds by all IDs" classname="APITests.spec.js" time="0">
<skipped>
</skipped>
</testcase>
<testcase name="getBookingIds by filter name" classname="APITests.spec.js" time="0">
<skipped>
</skipped>
</testcase>
<testcase name="getBookingIds by checkin checkout" classname="APITests.spec.js" time="0">
<skipped>
</skipped>
</testcase>
<testcase name="Create Booking" classname="APITests.spec.js" time="0">
<skipped>
</skipped>
</testcase>
<testcase name="getBooking by ID" classname="APITests.spec.js" time="0">
<skipped>
</skipped>
</testcase>
<testcase name="Update Booking" classname="APITests.spec.js" time="0">
<skipped>
</skipped>
</testcase>
<testcase name="Partial Update Booking" classname="APITests.spec.js" time="0">
<skipped>
</skipped>
</testcase>
<testcase name="Delete Booking" classname="APITests.spec.js" time="0">
<skipped>
</skipped>
</testcase>
</testsuite>
<testsuite name="e2e.spec.js" timestamp="2024-04-27T03:22:39.870Z" hostname="chromium" tests="5" failures="1" skipped="4" time="32.453" errors="0">
<testcase name="count the number of products" classname="e2e.spec.js" time="32.453">
<failure message="e2e.spec.js:25:1 count the number of products" type="FAILURE">
<![CDATA[  [chromium] › e2e.spec.js:25:1 › count the number of products ─────────────────────────────────────

    Test timeout of 30000ms exceeded while running "beforeEach" hook.

       9 | test.describe.configure({ mode: 'serial' });
      10 |
    > 11 | test.beforeEach('prerequisite- login to application and landing on the homepage', async({page})=>{
         |      ^
      12 |
      13 |     const loginPage = new LoginPage(page)
      14 |     await loginPage.navigateToURL('https://www.saucedemo.com/')

        at C:\Users\niyaz.hashmi\playwrightjse2e\tests\e2e.spec.js:11:6

    Error: page.fill: Target page, context or browser has been closed
    Call log:
      - waiting for locator('#user-name')


       at ..\pages\loginpage.js:13

      11 |
      12 |     async doLogin(user, pass){
    > 13 |         await this.page.fill(this.userName,user)
         |                         ^
      14 |         await this.page.fill(this.password, pass)
      15 |         await this.page.locator(this.loginBtn).click()
      16 |     }

        at LoginPage.doLogin (C:\Users\niyaz.hashmi\playwrightjse2e\pages\loginpage.js:13:25)
        at C:\Users\niyaz.hashmi\playwrightjse2e\tests\e2e.spec.js:16:21

    attachment #1: screenshot (image/png) ──────────────────────────────────────────────────────────
    test-results\e2e-count-the-number-of-products-chromium\test-failed-1.png
    ────────────────────────────────────────────────────────────────────────────────────────────────

    attachment #2: video (video/webm) ──────────────────────────────────────────────────────────────
    test-results\e2e-count-the-number-of-products-chromium\video.webm
    ────────────────────────────────────────────────────────────────────────────────────────────────
]]>
</failure>
<system-out>
<![CDATA[
[[ATTACHMENT|..\test-results\e2e-count-the-number-of-products-chromium\test-failed-1.png]]

[[ATTACHMENT|..\test-results\e2e-count-the-number-of-products-chromium\video.webm]]
]]>
</system-out>
</testcase>
<testcase name="check the product available or not" classname="e2e.spec.js" time="0">
<skipped>
</skipped>
</testcase>
<testcase name="Add the product into the cart and assert if it is added or not" classname="e2e.spec.js" time="0">
<skipped>
</skipped>
</testcase>
<testcase name="Check the first and last product before applying filter and after applying the filter" classname="e2e.spec.js" time="0">
<skipped>
</skipped>
</testcase>
<testcase name="Add to products into the cart" classname="e2e.spec.js" time="0">
<skipped>
</skipped>
</testcase>
</testsuite>
<testsuite name="APITests.spec.js" timestamp="2024-04-27T03:22:39.870Z" hostname="firefox" tests="9" failures="1" skipped="8" time="1.178" errors="0">
<testcase name="Create Token" classname="APITests.spec.js" time="1.178">
<failure message="APITests.spec.js:9:1 Create Token" type="FAILURE">
<![CDATA[  [firefox] › APITests.spec.js:9:1 › Create Token ──────────────────────────────────────────────────

    Error: apiRequestContext.post: self-signed certificate in certificate chain
    Call log:
      - → POST https://restful-booker.herokuapp.com/auth
      -   user-agent: Mozilla/5.0 (Windows NT 10.0; Win64; x64; rv:124.0) Gecko/20100101 Firefox/124.0
      -   accept: application/json
      -   accept-encoding: gzip,deflate,br
      -   content-type: application/json
      -   content-length: 45


       9 | test('Create Token', async({request})=>{
      10 |
    > 11 |     const response =  await request.post('https://restful-booker.herokuapp.com/auth',{
         |                                     ^
      12 |
      13 |             headers:
      14 |             {

        at C:\Users\niyaz.hashmi\playwrightjse2e\tests\APITests.spec.js:11:37
]]>
</failure>
</testcase>
<testcase name="getBookingIds by all IDs" classname="APITests.spec.js" time="0">
<skipped>
</skipped>
</testcase>
<testcase name="getBookingIds by filter name" classname="APITests.spec.js" time="0">
<skipped>
</skipped>
</testcase>
<testcase name="getBookingIds by checkin checkout" classname="APITests.spec.js" time="0">
<skipped>
</skipped>
</testcase>
<testcase name="Create Booking" classname="APITests.spec.js" time="0">
<skipped>
</skipped>
</testcase>
<testcase name="getBooking by ID" classname="APITests.spec.js" time="0">
<skipped>
</skipped>
</testcase>
<testcase name="Update Booking" classname="APITests.spec.js" time="0">
<skipped>
</skipped>
</testcase>
<testcase name="Partial Update Booking" classname="APITests.spec.js" time="0">
<skipped>
</skipped>
</testcase>
<testcase name="Delete Booking" classname="APITests.spec.js" time="0">
<skipped>
</skipped>
</testcase>
</testsuite>
<testsuite name="e2e.spec.js" timestamp="2024-04-27T03:22:39.870Z" hostname="firefox" tests="5" failures="1" skipped="4" time="30.075" errors="0">
<testcase name="count the number of products" classname="e2e.spec.js" time="30.075">
<failure message="e2e.spec.js:25:1 count the number of products" type="FAILURE">
<![CDATA[  [firefox] › e2e.spec.js:25:1 › count the number of products ──────────────────────────────────────

    Test timeout of 30000ms exceeded while running "beforeEach" hook.

       9 | test.describe.configure({ mode: 'serial' });
      10 |
    > 11 | test.beforeEach('prerequisite- login to application and landing on the homepage', async({page})=>{
         |      ^
      12 |
      13 |     const loginPage = new LoginPage(page)
      14 |     await loginPage.navigateToURL('https://www.saucedemo.com/')

        at C:\Users\niyaz.hashmi\playwrightjse2e\tests\e2e.spec.js:11:6

    Error: page.fill: Target page, context or browser has been closed
    Call log:
      - waiting for locator('#user-name')


       at ..\pages\loginpage.js:13

      11 |
      12 |     async doLogin(user, pass){
    > 13 |         await this.page.fill(this.userName,user)
         |                         ^
      14 |         await this.page.fill(this.password, pass)
      15 |         await this.page.locator(this.loginBtn).click()
      16 |     }

        at LoginPage.doLogin (C:\Users\niyaz.hashmi\playwrightjse2e\pages\loginpage.js:13:25)
        at C:\Users\niyaz.hashmi\playwrightjse2e\tests\e2e.spec.js:16:21

    attachment #1: screenshot (image/png) ──────────────────────────────────────────────────────────
    test-results\e2e-count-the-number-of-products-firefox\test-failed-1.png
    ────────────────────────────────────────────────────────────────────────────────────────────────

    attachment #2: video (video/webm) ──────────────────────────────────────────────────────────────
    test-results\e2e-count-the-number-of-products-firefox\video.webm
    ────────────────────────────────────────────────────────────────────────────────────────────────
]]>
</failure>
<system-out>
<![CDATA[
[[ATTACHMENT|..\test-results\e2e-count-the-number-of-products-firefox\test-failed-1.png]]

[[ATTACHMENT|..\test-results\e2e-count-the-number-of-products-firefox\video.webm]]
]]>
</system-out>
</testcase>
<testcase name="check the product available or not" classname="e2e.spec.js" time="0">
<skipped>
</skipped>
</testcase>
<testcase name="Add the product into the cart and assert if it is added or not" classname="e2e.spec.js" time="0">
<skipped>
</skipped>
</testcase>
<testcase name="Check the first and last product before applying filter and after applying the filter" classname="e2e.spec.js" time="0">
<skipped>
</skipped>
</testcase>
<testcase name="Add to products into the cart" classname="e2e.spec.js" time="0">
<skipped>
</skipped>
</testcase>
</testsuite>
<testsuite name="APITests.spec.js" timestamp="2024-04-27T03:22:39.870Z" hostname="webkit" tests="9" failures="1" skipped="8" time="0.703" errors="0">
<testcase name="Create Token" classname="APITests.spec.js" time="0.703">
<failure message="APITests.spec.js:9:1 Create Token" type="FAILURE">
<![CDATA[  [webkit] › APITests.spec.js:9:1 › Create Token ───────────────────────────────────────────────────

    Error: apiRequestContext.post: self-signed certificate in certificate chain
    Call log:
      - → POST https://restful-booker.herokuapp.com/auth
      -   user-agent: Mozilla/5.0 (Macintosh; Intel Mac OS X 10_15_7) AppleWebKit/605.1.15 (KHTML, like Gecko) Version/17.4 Safari/605.1.15
      -   accept: application/json
      -   accept-encoding: gzip,deflate,br
      -   content-type: application/json
      -   content-length: 45


       9 | test('Create Token', async({request})=>{
      10 |
    > 11 |     const response =  await request.post('https://restful-booker.herokuapp.com/auth',{
         |                                     ^
      12 |
      13 |             headers:
      14 |             {

        at C:\Users\niyaz.hashmi\playwrightjse2e\tests\APITests.spec.js:11:37
]]>
</failure>
</testcase>
<testcase name="getBookingIds by all IDs" classname="APITests.spec.js" time="0">
<skipped>
</skipped>
</testcase>
<testcase name="getBookingIds by filter name" classname="APITests.spec.js" time="0">
<skipped>
</skipped>
</testcase>
<testcase name="getBookingIds by checkin checkout" classname="APITests.spec.js" time="0">
<skipped>
</skipped>
</testcase>
<testcase name="Create Booking" classname="APITests.spec.js" time="0">
<skipped>
</skipped>
</testcase>
<testcase name="getBooking by ID" classname="APITests.spec.js" time="0">
<skipped>
</skipped>
</testcase>
<testcase name="Update Booking" classname="APITests.spec.js" time="0">
<skipped>
</skipped>
</testcase>
<testcase name="Partial Update Booking" classname="APITests.spec.js" time="0">
<skipped>
</skipped>
</testcase>
<testcase name="Delete Booking" classname="APITests.spec.js" time="0">
<skipped>
</skipped>
</testcase>
</testsuite>
<testsuite name="e2e.spec.js" timestamp="2024-04-27T03:22:39.870Z" hostname="webkit" tests="5" failures="1" skipped="4" time="30.172" errors="0">
<testcase name="count the number of products" classname="e2e.spec.js" time="30.172">
<failure message="e2e.spec.js:25:1 count the number of products" type="FAILURE">
<![CDATA[  [webkit] › e2e.spec.js:25:1 › count the number of products ───────────────────────────────────────

    Test timeout of 30000ms exceeded while running "beforeEach" hook.

       9 | test.describe.configure({ mode: 'serial' });
      10 |
    > 11 | test.beforeEach('prerequisite- login to application and landing on the homepage', async({page})=>{
         |      ^
      12 |
      13 |     const loginPage = new LoginPage(page)
      14 |     await loginPage.navigateToURL('https://www.saucedemo.com/')

        at C:\Users\niyaz.hashmi\playwrightjse2e\tests\e2e.spec.js:11:6

    Error: page.fill: Target page, context or browser has been closed
    Call log:
      - waiting for locator('#user-name')


       at ..\pages\loginpage.js:13

      11 |
      12 |     async doLogin(user, pass){
    > 13 |         await this.page.fill(this.userName,user)
         |                         ^
      14 |         await this.page.fill(this.password, pass)
      15 |         await this.page.locator(this.loginBtn).click()
      16 |     }

        at LoginPage.doLogin (C:\Users\niyaz.hashmi\playwrightjse2e\pages\loginpage.js:13:25)
        at C:\Users\niyaz.hashmi\playwrightjse2e\tests\e2e.spec.js:16:21

    attachment #1: screenshot (image/png) ──────────────────────────────────────────────────────────
    test-results\e2e-count-the-number-of-products-webkit\test-failed-1.png
    ────────────────────────────────────────────────────────────────────────────────────────────────

    attachment #2: video (video/webm) ──────────────────────────────────────────────────────────────
    test-results\e2e-count-the-number-of-products-webkit\video.webm
    ────────────────────────────────────────────────────────────────────────────────────────────────
]]>
</failure>
<system-out>
<![CDATA[
[[ATTACHMENT|..\test-results\e2e-count-the-number-of-products-webkit\test-failed-1.png]]

[[ATTACHMENT|..\test-results\e2e-count-the-number-of-products-webkit\video.webm]]
]]>
</system-out>
</testcase>
<testcase name="check the product available or not" classname="e2e.spec.js" time="0">
<skipped>
</skipped>
</testcase>
<testcase name="Add the product into the cart and assert if it is added or not" classname="e2e.spec.js" time="0">
<skipped>
</skipped>
</testcase>
<testcase name="Check the first and last product before applying filter and after applying the filter" classname="e2e.spec.js" time="0">
<skipped>
</skipped>
</testcase>
<testcase name="Add to products into the cart" classname="e2e.spec.js" time="0">
<skipped>
</skipped>
</testcase>
</testsuite>
</testsuites>